<?xml version="1.0" encoding="UTF-8"?>
<!-- Generated by org.testng.reporters.JUnitReportReporter -->
<testsuite hostname="BISWAJIT2000" failures="0" tests="1" name="ui.LoginTest" time="0.019" errors="0" timestamp="2022-07-27T09:39:04 IST" skipped="0">
  <testcase classname="ui.LoginTest" name="bloginTest" time="0.019"/>
  <system-out/>
</testsuite> <!-- ui.LoginTest -->
