<?xml version="1.0" encoding="UTF-8"?>
<!-- Generated by org.testng.reporters.JUnitReportReporter -->
<testsuite hostname="BISWAJIT2000" failures="0" tests="2" name="ui.LoginTest" time="0.004" errors="0" timestamp="2022-07-26T17:42:41 IST" skipped="0">
  <testcase classname="ui.LoginTest" name="alogoutTest" time="0.004"/>
  <system-out/>
  <testcase classname="ui.LoginTest" name="bloginTest" time="0.000"/>
  <system-out/>
</testsuite> <!-- ui.LoginTest -->
